<?xml version="1.0" encoding="UTF-8"?>
<testsuite name="challenge.SubmitTest" tests="6" skipped="0" failures="0" errors="0" timestamp="2019-02-03T01:56:09" hostname="LAPTOP-PN3JU16B" time="2.435">
  <properties/>
  <testcase name="q1" classname="challenge.SubmitTest" time="0.505"/>
  <testcase name="q2" classname="challenge.SubmitTest" time="0.467"/>
  <testcase name="q3" classname="challenge.SubmitTest" time="0.002"/>
  <testcase name="q4" classname="challenge.SubmitTest" time="0.536"/>
  <testcase name="q5" classname="challenge.SubmitTest" time="0.712"/>
  <testcase name="q6" classname="challenge.SubmitTest" time="0.21"/>
  <system-out><![CDATA[]]></system-out>
  <system-err><![CDATA[]]></system-err>
</testsuite>
